<?xml version="1.0" encoding="UTF-8"?>
<testng-results ignored="0" total="1" passed="1" failed="0" skipped="0">
  <reporter-output>
  </reporter-output>
  <suite started-at="2023-09-11T14:47:20 IST" name="Default suite" finished-at="2023-09-11T14:47:20 IST" duration-ms="99">
    <groups>
    </groups>
    <test started-at="2023-09-11T14:47:20 IST" name="Default test" finished-at="2023-09-11T14:47:20 IST" duration-ms="99">
      <class name="practise.ReadDataFromCmdLine">
        <test-method signature="readDataFromCmdLine()[pri:0, instance:practise.ReadDataFromCmdLine@74235045]" started-at="2023-09-11T14:47:20 IST" name="readDataFromCmdLine" finished-at="2023-09-11T14:47:20 IST" duration-ms="16" status="PASS">
          <reporter-output>
          </reporter-output>
        </test-method> <!-- readDataFromCmdLine -->
      </class> <!-- practise.ReadDataFromCmdLine -->
    </test> <!-- Default test -->
  </suite> <!-- Default suite -->
</testng-results>
